28/05/2022 01:53:05 INFO  - Closing JPA EntityManagerFactory for persistence unit 'default'
28/05/2022 01:53:05 INFO  - HikariPool-1 - Shutdown initiated...
28/05/2022 01:53:05 INFO  - HikariPool-1 - Shutdown completed.
28/05/2022 09:03:29 INFO  - Starting BusinessApplication using Java 1.8.0_281 on DESKTOP-HENEIFB with PID 15604 (D:\laptrinhmang_cuoiky\backend\module-business\target\classes started by User in D:\laptrinhmang_cuoiky\backend)
28/05/2022 09:03:29 INFO  - The following profiles are active: dev
28/05/2022 09:03:35 INFO  - Bootstrapping Spring Data JPA repositories in DEFAULT mode.
28/05/2022 09:03:35 INFO  - Finished Spring Data repository scanning in 340 ms. Found 15 JPA repository interfaces.
28/05/2022 09:03:38 INFO  - Starting FileServiceApplication using Java 1.8.0_281 on DESKTOP-HENEIFB with PID 8304 (D:\laptrinhmang_cuoiky\backend\file-service\target\classes started by User in D:\laptrinhmang_cuoiky\backend)
28/05/2022 09:03:38 INFO  - The following profiles are active: dev
28/05/2022 09:03:38 INFO  - Bean 'cacheConfig' of type [com.core.config.CacheConfig$$EnhancerBySpringCGLIB$$e9ae72c3] is not eligible for getting processed by all BeanPostProcessors (for example: not eligible for auto-proxying)
28/05/2022 09:03:39 INFO  - Tomcat initialized with port(s): 19010 (http)
28/05/2022 09:03:39 INFO  - Starting service [Tomcat]
28/05/2022 09:03:39 INFO  - Starting Servlet engine: [Apache Tomcat/9.0.53]
28/05/2022 09:03:40 INFO  - Initializing Spring embedded WebApplicationContext
28/05/2022 09:03:40 INFO  - Root WebApplicationContext: initialization completed in 10221 ms
28/05/2022 09:03:40 WARN  - spring.jpa.open-in-view is enabled by default. Therefore, database queries may be performed during view rendering. Explicitly configure spring.jpa.open-in-view to disable this warning
28/05/2022 09:03:40 INFO  - HikariPool-1 - Starting...
28/05/2022 09:03:40 INFO  - HikariPool-1 - Start completed.
28/05/2022 09:03:41 INFO  - HHH000204: Processing PersistenceUnitInfo [name: default]
28/05/2022 09:03:41 INFO  - HHH000412: Hibernate ORM core version 5.4.32.Final
28/05/2022 09:03:41 INFO  - HCANN000001: Hibernate Commons Annotations {5.1.2.Final}
28/05/2022 09:03:42 INFO  - HHH000400: Using dialect: org.hibernate.dialect.MySQL8Dialect
28/05/2022 09:03:45 INFO  - Bootstrapping Spring Data JPA repositories in DEFAULT mode.
28/05/2022 09:03:45 INFO  - Finished Spring Data repository scanning in 216 ms. Found 15 JPA repository interfaces.
28/05/2022 09:03:45 INFO  - HHH000490: Using JtaPlatform implementation: [org.hibernate.engine.transaction.jta.platform.internal.NoJtaPlatform]
28/05/2022 09:03:45 INFO  - Initialized JPA EntityManagerFactory for persistence unit 'default'
28/05/2022 09:03:47 INFO  - Bean 'cacheConfig' of type [com.core.config.CacheConfig$$EnhancerBySpringCGLIB$$1e80c5ec] is not eligible for getting processed by all BeanPostProcessors (for example: not eligible for auto-proxying)
28/05/2022 09:03:49 INFO  - Tomcat initialized with port(s): 19964 (http)
28/05/2022 09:03:49 INFO  - Starting service [Tomcat]
28/05/2022 09:03:49 INFO  - Starting Servlet engine: [Apache Tomcat/9.0.53]
28/05/2022 09:03:49 INFO  - readPublicKey: dev_public.key
28/05/2022 09:03:50 INFO  - Initializing Spring embedded WebApplicationContext
28/05/2022 09:03:50 INFO  - Root WebApplicationContext: initialization completed in 12073 ms
28/05/2022 09:03:51 INFO  - HHH000204: Processing PersistenceUnitInfo [name: default]
28/05/2022 09:03:51 INFO  - HHH000412: Hibernate ORM core version 5.4.32.Final
28/05/2022 09:03:51 INFO  - HCANN000001: Hibernate Commons Annotations {5.1.2.Final}
28/05/2022 09:03:51 INFO  - HikariPool-1 - Starting...
28/05/2022 09:03:51 INFO  - HikariPool-1 - Start completed.
28/05/2022 09:03:51 INFO  - HHH000400: Using dialect: org.hibernate.dialect.MySQL8Dialect
28/05/2022 09:03:52 INFO  - Exposing 1 endpoint(s) beneath base path '/actuator'
28/05/2022 09:03:53 INFO  - Will secure Ant [pattern='/account-managers/test'] with []
28/05/2022 09:03:53 INFO  - Will secure Ant [pattern='/actuator/**'] with []
28/05/2022 09:03:53 INFO  - Will secure Ant [pattern='/csrf'] with []
28/05/2022 09:03:53 INFO  - Will secure Ant [pattern='/my/docs'] with []
28/05/2022 09:03:53 INFO  - Will secure Ant [pattern='/v2/api-docs/**'] with []
28/05/2022 09:03:53 INFO  - Will secure Ant [pattern='/swagger.json'] with []
28/05/2022 09:03:53 INFO  - Will secure Ant [pattern='/configuration/security'] with []
28/05/2022 09:03:53 INFO  - Will secure Ant [pattern='/configuration/ui'] with []
28/05/2022 09:03:53 INFO  - Will secure Ant [pattern='/swagger-resources/**'] with []
28/05/2022 09:03:53 INFO  - Will secure Ant [pattern='/configuration/**'] with []
28/05/2022 09:03:53 INFO  - Will secure Ant [pattern='/swagger-ui/**'] with []
28/05/2022 09:03:53 INFO  - Will secure Ant [pattern='/swagger-ui.html'] with []
28/05/2022 09:03:53 INFO  - Will secure Ant [pattern='/webjars/**'] with []
28/05/2022 09:03:53 INFO  - Will secure Ant [pattern='/account-managers/login'] with []
28/05/2022 09:03:53 INFO  - Will secure Ant [pattern='/account-managers/register'] with []
28/05/2022 09:03:53 INFO  - Will secure Ant [pattern='/files/downloadFile/**'] with []
28/05/2022 09:03:54 INFO  - Will secure any request with [org.springframework.security.web.context.request.async.WebAsyncManagerIntegrationFilter@7382ec67, org.springframework.security.web.context.SecurityContextPersistenceFilter@764dfaf3, org.springframework.security.web.header.HeaderWriterFilter@754e3050, org.springframework.web.filter.CorsFilter@dd909bb, org.springframework.security.web.authentication.logout.LogoutFilter@22f8be7c, com.business.authencation.JwtAuthenticationFilter@523a10a0, org.springframework.security.web.savedrequest.RequestCacheAwareFilter@2fce34e4, org.springframework.security.web.servletapi.SecurityContextHolderAwareRequestFilter@36a7c96f, org.springframework.security.web.authentication.AnonymousAuthenticationFilter@31d29626, org.springframework.security.web.session.SessionManagementFilter@2ee3549e, org.springframework.security.web.access.ExceptionTranslationFilter@3ed1cff, org.springframework.security.web.access.intercept.FilterSecurityInterceptor@8fa7a01]
28/05/2022 09:03:56 INFO  - Tomcat started on port(s): 19010 (http) with context path '/business'
28/05/2022 09:03:56 INFO  - HHH000490: Using JtaPlatform implementation: [org.hibernate.engine.transaction.jta.platform.internal.NoJtaPlatform]
28/05/2022 09:03:56 INFO  - Initialized JPA EntityManagerFactory for persistence unit 'default'
28/05/2022 09:03:57 INFO  - Started BusinessApplication in 28.44 seconds (JVM running for 31.464)
28/05/2022 09:03:57 INFO  - Account management already exsit.
28/05/2022 09:03:58 INFO  - Initializing Spring DispatcherServlet 'dispatcherServlet'
28/05/2022 09:03:59 WARN  - spring.jpa.open-in-view is enabled by default. Therefore, database queries may be performed during view rendering. Explicitly configure spring.jpa.open-in-view to disable this warning
28/05/2022 09:04:00 INFO  - Exposing 1 endpoint(s) beneath base path '/actuator'
28/05/2022 09:04:02 INFO  - Tomcat started on port(s): 19964 (http) with context path '/file-service'
28/05/2022 09:04:03 INFO  - Started FileServiceApplication in 27.208 seconds (JVM running for 29.819)
28/05/2022 09:04:03 INFO  - Initializing Spring DispatcherServlet 'dispatcherServlet'
28/05/2022 09:18:17 INFO  - Closing JPA EntityManagerFactory for persistence unit 'default'
28/05/2022 09:18:17 INFO  - HikariPool-1 - Shutdown initiated...
28/05/2022 09:18:17 INFO  - HikariPool-1 - Shutdown completed.
28/05/2022 09:18:38 INFO  - Starting BusinessApplication using Java 1.8.0_281 on DESKTOP-HENEIFB with PID 16228 (D:\laptrinhmang_cuoiky\backend\module-business\target\classes started by User in D:\laptrinhmang_cuoiky\backend)
28/05/2022 09:18:38 INFO  - The following profiles are active: dev
28/05/2022 09:18:42 INFO  - Bootstrapping Spring Data JPA repositories in DEFAULT mode.
28/05/2022 09:18:42 INFO  - Finished Spring Data repository scanning in 235 ms. Found 16 JPA repository interfaces.
28/05/2022 09:18:43 INFO  - Bean 'cacheConfig' of type [com.core.config.CacheConfig$$EnhancerBySpringCGLIB$$da4ae5df] is not eligible for getting processed by all BeanPostProcessors (for example: not eligible for auto-proxying)
28/05/2022 09:18:44 INFO  - Tomcat initialized with port(s): 19010 (http)
28/05/2022 09:18:44 INFO  - Starting service [Tomcat]
28/05/2022 09:18:44 INFO  - Starting Servlet engine: [Apache Tomcat/9.0.53]
28/05/2022 09:18:44 INFO  - Initializing Spring embedded WebApplicationContext
28/05/2022 09:18:44 INFO  - Root WebApplicationContext: initialization completed in 5719 ms
28/05/2022 09:18:44 WARN  - spring.jpa.open-in-view is enabled by default. Therefore, database queries may be performed during view rendering. Explicitly configure spring.jpa.open-in-view to disable this warning
28/05/2022 09:18:44 INFO  - HikariPool-1 - Starting...
28/05/2022 09:18:45 INFO  - HikariPool-1 - Start completed.
28/05/2022 09:18:45 INFO  - HHH000204: Processing PersistenceUnitInfo [name: default]
28/05/2022 09:18:45 INFO  - HHH000412: Hibernate ORM core version 5.4.32.Final
28/05/2022 09:18:45 INFO  - HCANN000001: Hibernate Commons Annotations {5.1.2.Final}
28/05/2022 09:18:45 INFO  - HHH000400: Using dialect: org.hibernate.dialect.MySQL8Dialect
28/05/2022 09:18:47 INFO  - HHH000490: Using JtaPlatform implementation: [org.hibernate.engine.transaction.jta.platform.internal.NoJtaPlatform]
28/05/2022 09:18:47 INFO  - Initialized JPA EntityManagerFactory for persistence unit 'default'
28/05/2022 09:18:49 INFO  - readPublicKey: dev_public.key
28/05/2022 09:18:50 INFO  - Exposing 1 endpoint(s) beneath base path '/actuator'
28/05/2022 09:18:51 INFO  - Will secure Ant [pattern='/account-managers/test'] with []
28/05/2022 09:18:51 INFO  - Will secure Ant [pattern='/actuator/**'] with []
28/05/2022 09:18:51 INFO  - Will secure Ant [pattern='/csrf'] with []
28/05/2022 09:18:51 INFO  - Will secure Ant [pattern='/my/docs'] with []
28/05/2022 09:18:51 INFO  - Will secure Ant [pattern='/v2/api-docs/**'] with []
28/05/2022 09:18:51 INFO  - Will secure Ant [pattern='/swagger.json'] with []
28/05/2022 09:18:51 INFO  - Will secure Ant [pattern='/configuration/security'] with []
28/05/2022 09:18:51 INFO  - Will secure Ant [pattern='/configuration/ui'] with []
28/05/2022 09:18:51 INFO  - Will secure Ant [pattern='/swagger-resources/**'] with []
28/05/2022 09:18:51 INFO  - Will secure Ant [pattern='/configuration/**'] with []
28/05/2022 09:18:51 INFO  - Will secure Ant [pattern='/swagger-ui/**'] with []
28/05/2022 09:18:51 INFO  - Will secure Ant [pattern='/swagger-ui.html'] with []
28/05/2022 09:18:51 INFO  - Will secure Ant [pattern='/webjars/**'] with []
28/05/2022 09:18:51 INFO  - Will secure Ant [pattern='/account-managers/login'] with []
28/05/2022 09:18:51 INFO  - Will secure Ant [pattern='/account-managers/register'] with []
28/05/2022 09:18:51 INFO  - Will secure Ant [pattern='/files/downloadFile/**'] with []
28/05/2022 09:18:51 INFO  - Will secure any request with [org.springframework.security.web.context.request.async.WebAsyncManagerIntegrationFilter@17d1b2a0, org.springframework.security.web.context.SecurityContextPersistenceFilter@3feec3b0, org.springframework.security.web.header.HeaderWriterFilter@2d758834, org.springframework.web.filter.CorsFilter@729452f2, org.springframework.security.web.authentication.logout.LogoutFilter@24fb6521, com.business.authencation.JwtAuthenticationFilter@3f693a39, org.springframework.security.web.savedrequest.RequestCacheAwareFilter@45bf1b4e, org.springframework.security.web.servletapi.SecurityContextHolderAwareRequestFilter@42000b02, org.springframework.security.web.authentication.AnonymousAuthenticationFilter@4ea78b91, org.springframework.security.web.session.SessionManagementFilter@5ab6cb92, org.springframework.security.web.access.ExceptionTranslationFilter@4e8c139a, org.springframework.security.web.access.intercept.FilterSecurityInterceptor@19a71722]
28/05/2022 09:18:52 INFO  - Tomcat started on port(s): 19010 (http) with context path '/business'
28/05/2022 09:18:52 INFO  - Started BusinessApplication in 14.853 seconds (JVM running for 16.384)
28/05/2022 09:18:52 INFO  - Account management already exsit.
28/05/2022 09:18:54 INFO  - Initializing Spring DispatcherServlet 'dispatcherServlet'
28/05/2022 09:26:02 ERROR - errorAdmin - GET 0:0:0:0:0:0:0:1:19010/business/account-managers/generateOtp/nguyenkhacsang100%40gmail.com - Unable to find resource 'template/SendOTP.html'
28/05/2022 09:29:41 INFO  - Closing JPA EntityManagerFactory for persistence unit 'default'
28/05/2022 09:29:41 INFO  - HikariPool-1 - Shutdown initiated...
28/05/2022 09:29:41 INFO  - HikariPool-1 - Shutdown completed.
28/05/2022 09:29:46 INFO  - Starting BusinessApplication using Java 1.8.0_281 on DESKTOP-HENEIFB with PID 13968 (D:\laptrinhmang_cuoiky\backend\module-business\target\classes started by User in D:\laptrinhmang_cuoiky\backend)
28/05/2022 09:29:46 INFO  - The following profiles are active: dev
28/05/2022 09:29:52 INFO  - Bootstrapping Spring Data JPA repositories in DEFAULT mode.
28/05/2022 09:29:52 INFO  - Finished Spring Data repository scanning in 204 ms. Found 16 JPA repository interfaces.
28/05/2022 09:29:53 INFO  - Bean 'cacheConfig' of type [com.core.config.CacheConfig$$EnhancerBySpringCGLIB$$e692df0a] is not eligible for getting processed by all BeanPostProcessors (for example: not eligible for auto-proxying)
28/05/2022 09:29:54 INFO  - Tomcat initialized with port(s): 19010 (http)
28/05/2022 09:29:54 INFO  - Starting service [Tomcat]
28/05/2022 09:29:54 INFO  - Starting Servlet engine: [Apache Tomcat/9.0.53]
28/05/2022 09:29:54 INFO  - Initializing Spring embedded WebApplicationContext
28/05/2022 09:29:54 INFO  - Root WebApplicationContext: initialization completed in 7604 ms
28/05/2022 09:29:54 WARN  - spring.jpa.open-in-view is enabled by default. Therefore, database queries may be performed during view rendering. Explicitly configure spring.jpa.open-in-view to disable this warning
28/05/2022 09:29:54 INFO  - HikariPool-1 - Starting...
28/05/2022 09:29:55 INFO  - HikariPool-1 - Start completed.
28/05/2022 09:29:55 INFO  - HHH000204: Processing PersistenceUnitInfo [name: default]
28/05/2022 09:29:55 INFO  - HHH000412: Hibernate ORM core version 5.4.32.Final
28/05/2022 09:29:55 INFO  - HCANN000001: Hibernate Commons Annotations {5.1.2.Final}
28/05/2022 09:29:55 INFO  - HHH000400: Using dialect: org.hibernate.dialect.MySQL8Dialect
28/05/2022 09:29:58 INFO  - HHH000490: Using JtaPlatform implementation: [org.hibernate.engine.transaction.jta.platform.internal.NoJtaPlatform]
28/05/2022 09:29:58 INFO  - Initialized JPA EntityManagerFactory for persistence unit 'default'
28/05/2022 09:29:59 INFO  - readPublicKey: dev_public.key
28/05/2022 09:30:01 INFO  - Exposing 1 endpoint(s) beneath base path '/actuator'
28/05/2022 09:30:01 INFO  - Will secure Ant [pattern='/account-managers/test'] with []
28/05/2022 09:30:01 INFO  - Will secure Ant [pattern='/actuator/**'] with []
28/05/2022 09:30:01 INFO  - Will secure Ant [pattern='/csrf'] with []
28/05/2022 09:30:01 INFO  - Will secure Ant [pattern='/my/docs'] with []
28/05/2022 09:30:01 INFO  - Will secure Ant [pattern='/v2/api-docs/**'] with []
28/05/2022 09:30:01 INFO  - Will secure Ant [pattern='/swagger.json'] with []
28/05/2022 09:30:01 INFO  - Will secure Ant [pattern='/configuration/security'] with []
28/05/2022 09:30:01 INFO  - Will secure Ant [pattern='/configuration/ui'] with []
28/05/2022 09:30:01 INFO  - Will secure Ant [pattern='/swagger-resources/**'] with []
28/05/2022 09:30:01 INFO  - Will secure Ant [pattern='/configuration/**'] with []
28/05/2022 09:30:01 INFO  - Will secure Ant [pattern='/swagger-ui/**'] with []
28/05/2022 09:30:01 INFO  - Will secure Ant [pattern='/swagger-ui.html'] with []
28/05/2022 09:30:01 INFO  - Will secure Ant [pattern='/webjars/**'] with []
28/05/2022 09:30:01 INFO  - Will secure Ant [pattern='/account-managers/login'] with []
28/05/2022 09:30:01 INFO  - Will secure Ant [pattern='/account-managers/register'] with []
28/05/2022 09:30:01 INFO  - Will secure Ant [pattern='/files/downloadFile/**'] with []
28/05/2022 09:30:01 INFO  - Will secure any request with [org.springframework.security.web.context.request.async.WebAsyncManagerIntegrationFilter@7dca6126, org.springframework.security.web.context.SecurityContextPersistenceFilter@596792bc, org.springframework.security.web.header.HeaderWriterFilter@4c5bcc6e, org.springframework.web.filter.CorsFilter@8fa7a01, org.springframework.security.web.authentication.logout.LogoutFilter@f0b01d4, com.business.authencation.JwtAuthenticationFilter@3228b5a1, org.springframework.security.web.savedrequest.RequestCacheAwareFilter@5ef79613, org.springframework.security.web.servletapi.SecurityContextHolderAwareRequestFilter@4ca5eb61, org.springframework.security.web.authentication.AnonymousAuthenticationFilter@5727a03d, org.springframework.security.web.session.SessionManagementFilter@3f11add1, org.springframework.security.web.access.ExceptionTranslationFilter@74213bb4, org.springframework.security.web.access.intercept.FilterSecurityInterceptor@5a947fd5]
28/05/2022 09:30:02 INFO  - Tomcat started on port(s): 19010 (http) with context path '/business'
28/05/2022 09:30:03 INFO  - Started BusinessApplication in 17.948 seconds (JVM running for 19.938)
28/05/2022 09:30:03 INFO  - Account management already exsit.
28/05/2022 09:30:04 INFO  - Initializing Spring DispatcherServlet 'dispatcherServlet'
28/05/2022 10:27:21 INFO  - Closing JPA EntityManagerFactory for persistence unit 'default'
28/05/2022 10:27:21 INFO  - HikariPool-1 - Shutdown initiated...
28/05/2022 10:27:21 INFO  - HikariPool-1 - Shutdown completed.
28/05/2022 10:27:35 INFO  - Starting BusinessApplication using Java 1.8.0_281 on DESKTOP-HENEIFB with PID 8268 (D:\laptrinhmang_cuoiky\backend\module-business\target\classes started by User in D:\laptrinhmang_cuoiky\backend)
28/05/2022 10:27:35 INFO  - The following profiles are active: dev
28/05/2022 10:27:39 INFO  - Bootstrapping Spring Data JPA repositories in DEFAULT mode.
28/05/2022 10:27:39 INFO  - Finished Spring Data repository scanning in 231 ms. Found 16 JPA repository interfaces.
28/05/2022 10:27:41 INFO  - Bean 'cacheConfig' of type [com.core.config.CacheConfig$$EnhancerBySpringCGLIB$$36456593] is not eligible for getting processed by all BeanPostProcessors (for example: not eligible for auto-proxying)
28/05/2022 10:27:41 INFO  - Tomcat initialized with port(s): 19010 (http)
28/05/2022 10:27:41 INFO  - Starting service [Tomcat]
28/05/2022 10:27:41 INFO  - Starting Servlet engine: [Apache Tomcat/9.0.53]
28/05/2022 10:27:42 INFO  - Initializing Spring embedded WebApplicationContext
28/05/2022 10:27:42 INFO  - Root WebApplicationContext: initialization completed in 6696 ms
28/05/2022 10:27:42 WARN  - spring.jpa.open-in-view is enabled by default. Therefore, database queries may be performed during view rendering. Explicitly configure spring.jpa.open-in-view to disable this warning
28/05/2022 10:27:42 INFO  - HikariPool-1 - Starting...
28/05/2022 10:27:42 INFO  - HikariPool-1 - Start completed.
28/05/2022 10:27:43 INFO  - HHH000204: Processing PersistenceUnitInfo [name: default]
28/05/2022 10:27:43 INFO  - HHH000412: Hibernate ORM core version 5.4.32.Final
28/05/2022 10:27:43 INFO  - HCANN000001: Hibernate Commons Annotations {5.1.2.Final}
28/05/2022 10:27:43 INFO  - HHH000400: Using dialect: org.hibernate.dialect.MySQL8Dialect
28/05/2022 10:27:45 INFO  - HHH000490: Using JtaPlatform implementation: [org.hibernate.engine.transaction.jta.platform.internal.NoJtaPlatform]
28/05/2022 10:27:45 INFO  - Initialized JPA EntityManagerFactory for persistence unit 'default'
28/05/2022 10:27:47 INFO  - readPublicKey: dev_public.key
28/05/2022 10:27:49 INFO  - Exposing 1 endpoint(s) beneath base path '/actuator'
28/05/2022 10:27:49 INFO  - Will secure Ant [pattern='/account-managers/test'] with []
28/05/2022 10:27:49 INFO  - Will secure Ant [pattern='/actuator/**'] with []
28/05/2022 10:27:49 INFO  - Will secure Ant [pattern='/csrf'] with []
28/05/2022 10:27:49 INFO  - Will secure Ant [pattern='/my/docs'] with []
28/05/2022 10:27:49 INFO  - Will secure Ant [pattern='/v2/api-docs/**'] with []
28/05/2022 10:27:49 INFO  - Will secure Ant [pattern='/swagger.json'] with []
28/05/2022 10:27:49 INFO  - Will secure Ant [pattern='/configuration/security'] with []
28/05/2022 10:27:49 INFO  - Will secure Ant [pattern='/configuration/ui'] with []
28/05/2022 10:27:49 INFO  - Will secure Ant [pattern='/swagger-resources/**'] with []
28/05/2022 10:27:49 INFO  - Will secure Ant [pattern='/configuration/**'] with []
28/05/2022 10:27:49 INFO  - Will secure Ant [pattern='/swagger-ui/**'] with []
28/05/2022 10:27:49 INFO  - Will secure Ant [pattern='/swagger-ui.html'] with []
28/05/2022 10:27:49 INFO  - Will secure Ant [pattern='/webjars/**'] with []
28/05/2022 10:27:49 INFO  - Will secure Ant [pattern='/account-managers/login'] with []
28/05/2022 10:27:49 INFO  - Will secure Ant [pattern='/account-managers/register'] with []
28/05/2022 10:27:49 INFO  - Will secure Ant [pattern='/files/downloadFile/**'] with []
28/05/2022 10:27:49 INFO  - Will secure any request with [org.springframework.security.web.context.request.async.WebAsyncManagerIntegrationFilter@547c6bb4, org.springframework.security.web.context.SecurityContextPersistenceFilter@2169596d, org.springframework.security.web.header.HeaderWriterFilter@65d07158, org.springframework.web.filter.CorsFilter@6bfe7897, org.springframework.security.web.authentication.logout.LogoutFilter@37d4b676, com.business.authencation.JwtAuthenticationFilter@548051d7, org.springframework.security.web.savedrequest.RequestCacheAwareFilter@4902882c, org.springframework.security.web.servletapi.SecurityContextHolderAwareRequestFilter@685d9816, org.springframework.security.web.authentication.AnonymousAuthenticationFilter@66193b4b, org.springframework.security.web.session.SessionManagementFilter@fbcba93, org.springframework.security.web.access.ExceptionTranslationFilter@455d026d, org.springframework.security.web.access.intercept.FilterSecurityInterceptor@6ffd0aa8]
28/05/2022 10:27:50 INFO  - Tomcat started on port(s): 19010 (http) with context path '/business'
28/05/2022 10:27:51 INFO  - Started BusinessApplication in 16.468 seconds (JVM running for 18.439)
28/05/2022 10:27:51 INFO  - Account management already exsit.
28/05/2022 10:27:52 INFO  - Initializing Spring DispatcherServlet 'dispatcherServlet'
28/05/2022 10:28:07 ERROR - jwtAuthentication - POST 0:0:0:0:0:0:0:1:19010/business/account-managers/generateOtp/nguyenkhacsang100@gmail.com - Token không được bỏ trống.
28/05/2022 10:30:12 INFO  - Closing JPA EntityManagerFactory for persistence unit 'default'
28/05/2022 10:30:12 INFO  - HikariPool-1 - Shutdown initiated...
28/05/2022 10:30:12 INFO  - HikariPool-1 - Shutdown completed.
28/05/2022 10:30:27 INFO  - Starting FileServiceApplication using Java 1.8.0_281 on DESKTOP-HENEIFB with PID 14484 (D:\laptrinhmang_cuoiky\backend\file-service\target\classes started by User in D:\laptrinhmang_cuoiky\backend)
28/05/2022 10:30:27 INFO  - The following profiles are active: dev
28/05/2022 10:30:34 INFO  - Bootstrapping Spring Data JPA repositories in DEFAULT mode.
28/05/2022 10:30:34 INFO  - Finished Spring Data repository scanning in 239 ms. Found 16 JPA repository interfaces.
28/05/2022 10:30:36 INFO  - Bean 'cacheConfig' of type [com.core.config.CacheConfig$$EnhancerBySpringCGLIB$$57cbb68] is not eligible for getting processed by all BeanPostProcessors (for example: not eligible for auto-proxying)
28/05/2022 10:30:37 INFO  - Tomcat initialized with port(s): 19964 (http)
28/05/2022 10:30:37 INFO  - Starting service [Tomcat]
28/05/2022 10:30:37 INFO  - Starting Servlet engine: [Apache Tomcat/9.0.53]
28/05/2022 10:30:37 INFO  - Initializing Spring embedded WebApplicationContext
28/05/2022 10:30:37 INFO  - Root WebApplicationContext: initialization completed in 9777 ms
28/05/2022 10:30:38 INFO  - HHH000204: Processing PersistenceUnitInfo [name: default]
28/05/2022 10:30:38 INFO  - HHH000412: Hibernate ORM core version 5.4.32.Final
28/05/2022 10:30:38 INFO  - HCANN000001: Hibernate Commons Annotations {5.1.2.Final}
28/05/2022 10:30:38 INFO  - HikariPool-1 - Starting...
28/05/2022 10:30:39 INFO  - HikariPool-1 - Start completed.
28/05/2022 10:30:39 INFO  - HHH000400: Using dialect: org.hibernate.dialect.MySQL8Dialect
28/05/2022 10:30:42 INFO  - HHH000490: Using JtaPlatform implementation: [org.hibernate.engine.transaction.jta.platform.internal.NoJtaPlatform]
28/05/2022 10:30:42 INFO  - Initialized JPA EntityManagerFactory for persistence unit 'default'
28/05/2022 10:30:46 WARN  - spring.jpa.open-in-view is enabled by default. Therefore, database queries may be performed during view rendering. Explicitly configure spring.jpa.open-in-view to disable this warning
28/05/2022 10:30:46 INFO  - Exposing 1 endpoint(s) beneath base path '/actuator'
28/05/2022 10:30:49 INFO  - Tomcat started on port(s): 19964 (http) with context path '/file-service'
28/05/2022 10:30:50 ERROR - jwtAuthentication - POST 0:0:0:0:0:0:0:1:19010/business/account-managers/generateOtp/nguyenkhacsang100@gmail.com - Token không được bỏ trống.
28/05/2022 10:30:50 INFO  - Started FileServiceApplication in 24.444 seconds (JVM running for 27.508)
28/05/2022 10:30:51 INFO  - Initializing Spring DispatcherServlet 'dispatcherServlet'
28/05/2022 10:31:32 INFO  - Closing JPA EntityManagerFactory for persistence unit 'default'
28/05/2022 10:31:32 INFO  - HikariPool-1 - Shutdown initiated...
28/05/2022 10:31:32 INFO  - HikariPool-1 - Shutdown completed.
28/05/2022 10:31:45 INFO  - Starting BusinessApplication using Java 1.8.0_281 on DESKTOP-HENEIFB with PID 13760 (D:\laptrinhmang_cuoiky\backend\module-business\target\classes started by User in D:\laptrinhmang_cuoiky\backend)
28/05/2022 10:31:45 INFO  - The following profiles are active: dev
28/05/2022 10:31:50 INFO  - Bootstrapping Spring Data JPA repositories in DEFAULT mode.
28/05/2022 10:31:50 INFO  - Finished Spring Data repository scanning in 192 ms. Found 16 JPA repository interfaces.
28/05/2022 10:31:52 INFO  - Bean 'cacheConfig' of type [com.core.config.CacheConfig$$EnhancerBySpringCGLIB$$985b233a] is not eligible for getting processed by all BeanPostProcessors (for example: not eligible for auto-proxying)
28/05/2022 10:31:52 INFO  - Tomcat initialized with port(s): 19010 (http)
28/05/2022 10:31:52 INFO  - Starting service [Tomcat]
28/05/2022 10:31:52 INFO  - Starting Servlet engine: [Apache Tomcat/9.0.53]
28/05/2022 10:31:53 INFO  - Initializing Spring embedded WebApplicationContext
28/05/2022 10:31:53 INFO  - Root WebApplicationContext: initialization completed in 7665 ms
28/05/2022 10:31:53 WARN  - spring.jpa.open-in-view is enabled by default. Therefore, database queries may be performed during view rendering. Explicitly configure spring.jpa.open-in-view to disable this warning
28/05/2022 10:31:53 INFO  - HikariPool-1 - Starting...
28/05/2022 10:31:54 INFO  - HikariPool-1 - Start completed.
28/05/2022 10:31:54 INFO  - HHH000204: Processing PersistenceUnitInfo [name: default]
28/05/2022 10:31:54 INFO  - HHH000412: Hibernate ORM core version 5.4.32.Final
28/05/2022 10:31:54 INFO  - HCANN000001: Hibernate Commons Annotations {5.1.2.Final}
28/05/2022 10:31:55 INFO  - HHH000400: Using dialect: org.hibernate.dialect.MySQL8Dialect
28/05/2022 10:31:58 INFO  - HHH000490: Using JtaPlatform implementation: [org.hibernate.engine.transaction.jta.platform.internal.NoJtaPlatform]
28/05/2022 10:31:58 INFO  - Initialized JPA EntityManagerFactory for persistence unit 'default'
28/05/2022 10:31:59 INFO  - readPublicKey: dev_public.key
28/05/2022 10:32:01 INFO  - Exposing 1 endpoint(s) beneath base path '/actuator'
28/05/2022 10:32:01 INFO  - Will secure Ant [pattern='/account-managers/test'] with []
28/05/2022 10:32:01 INFO  - Will secure Ant [pattern='/actuator/**'] with []
28/05/2022 10:32:01 INFO  - Will secure Ant [pattern='/csrf'] with []
28/05/2022 10:32:01 INFO  - Will secure Ant [pattern='/my/docs'] with []
28/05/2022 10:32:01 INFO  - Will secure Ant [pattern='/v2/api-docs/**'] with []
28/05/2022 10:32:01 INFO  - Will secure Ant [pattern='/swagger.json'] with []
28/05/2022 10:32:01 INFO  - Will secure Ant [pattern='/configuration/security'] with []
28/05/2022 10:32:01 INFO  - Will secure Ant [pattern='/configuration/ui'] with []
28/05/2022 10:32:01 INFO  - Will secure Ant [pattern='/swagger-resources/**'] with []
28/05/2022 10:32:01 INFO  - Will secure Ant [pattern='/configuration/**'] with []
28/05/2022 10:32:01 INFO  - Will secure Ant [pattern='/swagger-ui/**'] with []
28/05/2022 10:32:01 INFO  - Will secure Ant [pattern='/swagger-ui.html'] with []
28/05/2022 10:32:01 INFO  - Will secure Ant [pattern='/webjars/**'] with []
28/05/2022 10:32:01 INFO  - Will secure Ant [pattern='/account-managers/login'] with []
28/05/2022 10:32:01 INFO  - Will secure Ant [pattern='/account-managers/register'] with []
28/05/2022 10:32:01 INFO  - Will secure Ant [pattern='/generateOtp/**'] with []
28/05/2022 10:32:01 INFO  - Will secure Ant [pattern='/account-managers/validateOtp'] with []
28/05/2022 10:32:01 INFO  - Will secure Ant [pattern='/account-managers/validateOtpAndChangePass'] with []
28/05/2022 10:32:01 INFO  - Will secure Ant [pattern='/files/downloadFile/**'] with []
28/05/2022 10:32:02 INFO  - Will secure any request with [org.springframework.security.web.context.request.async.WebAsyncManagerIntegrationFilter@5b74c45a, org.springframework.security.web.context.SecurityContextPersistenceFilter@6801536, org.springframework.security.web.header.HeaderWriterFilter@5f5d5739, org.springframework.web.filter.CorsFilter@4ac73165, org.springframework.security.web.authentication.logout.LogoutFilter@579325f2, com.business.authencation.JwtAuthenticationFilter@2b2c7991, org.springframework.security.web.savedrequest.RequestCacheAwareFilter@4966454a, org.springframework.security.web.servletapi.SecurityContextHolderAwareRequestFilter@6d0d557c, org.springframework.security.web.authentication.AnonymousAuthenticationFilter@25cc6b0, org.springframework.security.web.session.SessionManagementFilter@16139b0, org.springframework.security.web.access.ExceptionTranslationFilter@3300d3bf, org.springframework.security.web.access.intercept.FilterSecurityInterceptor@1f78d3bc]
28/05/2022 10:32:02 INFO  - Tomcat started on port(s): 19010 (http) with context path '/business'
28/05/2022 10:32:03 INFO  - Started BusinessApplication in 19.428 seconds (JVM running for 22.258)
28/05/2022 10:32:03 INFO  - Account management already exsit.
28/05/2022 10:32:04 INFO  - Initializing Spring DispatcherServlet 'dispatcherServlet'
28/05/2022 10:33:47 ERROR - jwtAuthentication - POST 0:0:0:0:0:0:0:1:19010/business/account-managers/generateOtp/nguyenkhacsan - Token không được bỏ trống.
28/05/2022 10:34:23 ERROR - jwtAuthentication - POST 0:0:0:0:0:0:0:1:19010/business/account-managers/generateOtp/nguyenkhacsan - Token không được bỏ trống.
28/05/2022 10:35:14 INFO  - Closing JPA EntityManagerFactory for persistence unit 'default'
28/05/2022 10:35:14 INFO  - HikariPool-1 - Shutdown initiated...
28/05/2022 10:35:14 INFO  - HikariPool-1 - Shutdown completed.
28/05/2022 10:35:19 INFO  - Starting BusinessApplication using Java 1.8.0_281 on DESKTOP-HENEIFB with PID 6832 (D:\laptrinhmang_cuoiky\backend\module-business\target\classes started by User in D:\laptrinhmang_cuoiky\backend)
28/05/2022 10:35:19 INFO  - The following profiles are active: dev
28/05/2022 10:35:23 INFO  - Bootstrapping Spring Data JPA repositories in DEFAULT mode.
28/05/2022 10:35:23 INFO  - Finished Spring Data repository scanning in 167 ms. Found 16 JPA repository interfaces.
28/05/2022 10:35:24 INFO  - Bean 'cacheConfig' of type [com.core.config.CacheConfig$$EnhancerBySpringCGLIB$$bb5e2354] is not eligible for getting processed by all BeanPostProcessors (for example: not eligible for auto-proxying)
28/05/2022 10:35:25 INFO  - Tomcat initialized with port(s): 19010 (http)
28/05/2022 10:35:25 INFO  - Starting service [Tomcat]
28/05/2022 10:35:25 INFO  - Starting Servlet engine: [Apache Tomcat/9.0.53]
28/05/2022 10:35:25 INFO  - Initializing Spring embedded WebApplicationContext
28/05/2022 10:35:25 INFO  - Root WebApplicationContext: initialization completed in 5668 ms
28/05/2022 10:35:25 WARN  - spring.jpa.open-in-view is enabled by default. Therefore, database queries may be performed during view rendering. Explicitly configure spring.jpa.open-in-view to disable this warning
28/05/2022 10:35:25 INFO  - HikariPool-1 - Starting...
28/05/2022 10:35:26 INFO  - HikariPool-1 - Start completed.
28/05/2022 10:35:26 INFO  - HHH000204: Processing PersistenceUnitInfo [name: default]
28/05/2022 10:35:26 INFO  - HHH000412: Hibernate ORM core version 5.4.32.Final
28/05/2022 10:35:26 INFO  - HCANN000001: Hibernate Commons Annotations {5.1.2.Final}
28/05/2022 10:35:26 INFO  - HHH000400: Using dialect: org.hibernate.dialect.MySQL8Dialect
28/05/2022 10:35:28 INFO  - HHH000490: Using JtaPlatform implementation: [org.hibernate.engine.transaction.jta.platform.internal.NoJtaPlatform]
28/05/2022 10:35:28 INFO  - Initialized JPA EntityManagerFactory for persistence unit 'default'
28/05/2022 10:35:30 INFO  - readPublicKey: dev_public.key
28/05/2022 10:35:32 INFO  - Exposing 1 endpoint(s) beneath base path '/actuator'
28/05/2022 10:35:32 INFO  - Will secure Ant [pattern='/account-managers/test'] with []
28/05/2022 10:35:32 INFO  - Will secure Ant [pattern='/actuator/**'] with []
28/05/2022 10:35:32 INFO  - Will secure Ant [pattern='/csrf'] with []
28/05/2022 10:35:32 INFO  - Will secure Ant [pattern='/my/docs'] with []
28/05/2022 10:35:32 INFO  - Will secure Ant [pattern='/v2/api-docs/**'] with []
28/05/2022 10:35:32 INFO  - Will secure Ant [pattern='/swagger.json'] with []
28/05/2022 10:35:32 INFO  - Will secure Ant [pattern='/configuration/security'] with []
28/05/2022 10:35:32 INFO  - Will secure Ant [pattern='/configuration/ui'] with []
28/05/2022 10:35:32 INFO  - Will secure Ant [pattern='/swagger-resources/**'] with []
28/05/2022 10:35:32 INFO  - Will secure Ant [pattern='/configuration/**'] with []
28/05/2022 10:35:32 INFO  - Will secure Ant [pattern='/swagger-ui/**'] with []
28/05/2022 10:35:32 INFO  - Will secure Ant [pattern='/swagger-ui.html'] with []
28/05/2022 10:35:32 INFO  - Will secure Ant [pattern='/webjars/**'] with []
28/05/2022 10:35:32 INFO  - Will secure Ant [pattern='/account-managers/login'] with []
28/05/2022 10:35:32 INFO  - Will secure Ant [pattern='/account-managers/register'] with []
28/05/2022 10:35:32 INFO  - Will secure Ant [pattern='/account-managers/generateOtp/**'] with []
28/05/2022 10:35:32 INFO  - Will secure Ant [pattern='/account-managers/validateOtp'] with []
28/05/2022 10:35:32 INFO  - Will secure Ant [pattern='/account-managers/validateOtpAndChangePass'] with []
28/05/2022 10:35:32 INFO  - Will secure Ant [pattern='/files/downloadFile/**'] with []
28/05/2022 10:35:32 INFO  - Will secure any request with [org.springframework.security.web.context.request.async.WebAsyncManagerIntegrationFilter@280de5ae, org.springframework.security.web.context.SecurityContextPersistenceFilter@3e39823a, org.springframework.security.web.header.HeaderWriterFilter@d67bb3a, org.springframework.web.filter.CorsFilter@eb87c61, org.springframework.security.web.authentication.logout.LogoutFilter@51f39482, com.business.authencation.JwtAuthenticationFilter@6e879a78, org.springframework.security.web.savedrequest.RequestCacheAwareFilter@2273255e, org.springframework.security.web.servletapi.SecurityContextHolderAwareRequestFilter@5a5183ed, org.springframework.security.web.authentication.AnonymousAuthenticationFilter@44c74781, org.springframework.security.web.session.SessionManagementFilter@2d741755, org.springframework.security.web.access.ExceptionTranslationFilter@14467f3b, org.springframework.security.web.access.intercept.FilterSecurityInterceptor@f157271]
28/05/2022 10:35:33 INFO  - Tomcat started on port(s): 19010 (http) with context path '/business'
28/05/2022 10:35:34 INFO  - Started BusinessApplication in 16.118 seconds (JVM running for 18.072)
28/05/2022 10:35:34 INFO  - Account management already exsit.
28/05/2022 10:35:35 INFO  - Initializing Spring DispatcherServlet 'dispatcherServlet'
28/05/2022 10:35:44 ERROR - error - POST 0:0:0:0:0:0:0:1:19010/business/account-managers/generateOtp/nguyenkhacsan - Request method 'POST' not supported
28/05/2022 10:35:53 ERROR - error - POST 0:0:0:0:0:0:0:1:19010/business/account-managers/generateOtp/nguyenkhacsang100@gmail.com - Request method 'POST' not supported
28/05/2022 10:37:19 ERROR - error - POST 0:0:0:0:0:0:0:1:19010/business/account-managers/generateOtp/nguyenkhacsang100@gmail.com - Request method 'POST' not supported
28/05/2022 10:38:39 ERROR - error - GET 0:0:0:0:0:0:0:1:19010/business/account-managers/generateOtp/admin - Email không tồn tại
28/05/2022 10:39:24 INFO  - admin|login
28/05/2022 10:41:13 ERROR - error - GET 0:0:0:0:0:0:0:1:19010/business/account-managers/generateOtp/admin - Email không tồn tại
28/05/2022 10:43:15 ERROR - error - GET 0:0:0:0:0:0:0:1:19010/business/account-managers/generateOtp/admin - Email không tồn tại
28/05/2022 10:47:12 ERROR - error - GET 0:0:0:0:0:0:0:1:19010/business/account-managers/generateOtp/admin - Email không tồn tại
28/05/2022 10:47:17 ERROR - error - GET 0:0:0:0:0:0:0:1:19010/business/account-managers/generateOtp/admin - Email không tồn tại
28/05/2022 10:49:56 ERROR - error - GET 0:0:0:0:0:0:0:1:19010/business/account-managers/generateOtp/admin - Email không tồn tại
28/05/2022 10:50:08 ERROR - error - GET 0:0:0:0:0:0:0:1:19010/business/account-managers/generateOtp/admin - Email không tồn tại
28/05/2022 10:51:11 INFO  - nguyenkhacsang100@gmail.com|login
28/05/2022 12:09:53 WARN  - HikariPool-1 - Thread starvation or clock leap detected (housekeeper delta=1h8m43s328ms728µs800ns).
28/05/2022 12:10:01 INFO  - Closing JPA EntityManagerFactory for persistence unit 'default'
28/05/2022 12:10:01 INFO  - HikariPool-1 - Shutdown initiated...
28/05/2022 12:10:01 INFO  - HikariPool-1 - Shutdown completed.
28/05/2022 12:10:05 INFO  - Starting FileServiceApplication using Java 1.8.0_281 on DESKTOP-HENEIFB with PID 19092 (D:\laptrinhmang_cuoiky\backend\file-service\target\classes started by User in D:\laptrinhmang_cuoiky\backend)
28/05/2022 12:10:05 INFO  - The following profiles are active: dev
28/05/2022 12:10:08 INFO  - Bootstrapping Spring Data JPA repositories in DEFAULT mode.
28/05/2022 12:10:08 INFO  - Finished Spring Data repository scanning in 105 ms. Found 16 JPA repository interfaces.
28/05/2022 12:10:09 INFO  - Bean 'cacheConfig' of type [com.core.config.CacheConfig$$EnhancerBySpringCGLIB$$14f40628] is not eligible for getting processed by all BeanPostProcessors (for example: not eligible for auto-proxying)
28/05/2022 12:10:09 INFO  - Tomcat initialized with port(s): 19964 (http)
28/05/2022 12:10:09 INFO  - Starting service [Tomcat]
28/05/2022 12:10:09 INFO  - Starting Servlet engine: [Apache Tomcat/9.0.53]
28/05/2022 12:10:09 INFO  - Initializing Spring embedded WebApplicationContext
28/05/2022 12:10:09 INFO  - Root WebApplicationContext: initialization completed in 3831 ms
28/05/2022 12:10:09 WARN  - HikariPool-1 - Thread starvation or clock leap detected (housekeeper delta=1h8m43s330ms483µs100ns).
28/05/2022 12:10:09 INFO  - HHH000204: Processing PersistenceUnitInfo [name: default]
28/05/2022 12:10:10 INFO  - HHH000412: Hibernate ORM core version 5.4.32.Final
28/05/2022 12:10:10 INFO  - HCANN000001: Hibernate Commons Annotations {5.1.2.Final}
28/05/2022 12:10:10 INFO  - HikariPool-1 - Starting...
28/05/2022 12:10:10 INFO  - HikariPool-1 - Start completed.
28/05/2022 12:10:10 INFO  - HHH000400: Using dialect: org.hibernate.dialect.MySQL8Dialect
28/05/2022 12:10:11 INFO  - HHH000490: Using JtaPlatform implementation: [org.hibernate.engine.transaction.jta.platform.internal.NoJtaPlatform]
28/05/2022 12:10:11 INFO  - Initialized JPA EntityManagerFactory for persistence unit 'default'
28/05/2022 12:10:12 WARN  - spring.jpa.open-in-view is enabled by default. Therefore, database queries may be performed during view rendering. Explicitly configure spring.jpa.open-in-view to disable this warning
28/05/2022 12:10:13 INFO  - Exposing 1 endpoint(s) beneath base path '/actuator'
28/05/2022 12:10:13 INFO  - Tomcat started on port(s): 19964 (http) with context path '/file-service'
28/05/2022 12:10:14 INFO  - Started FileServiceApplication in 8.977 seconds (JVM running for 10.61)
28/05/2022 12:10:15 INFO  - Initializing Spring DispatcherServlet 'dispatcherServlet'
28/05/2022 12:10:17 INFO  - Closing JPA EntityManagerFactory for persistence unit 'default'
28/05/2022 12:10:17 INFO  - HikariPool-1 - Shutdown initiated...
28/05/2022 12:10:17 INFO  - HikariPool-1 - Shutdown completed.
28/05/2022 12:10:22 INFO  - Starting BusinessApplication using Java 1.8.0_281 on DESKTOP-HENEIFB with PID 17212 (D:\laptrinhmang_cuoiky\backend\module-business\target\classes started by User in D:\laptrinhmang_cuoiky\backend)
28/05/2022 12:10:22 INFO  - The following profiles are active: dev
28/05/2022 12:10:25 INFO  - Bootstrapping Spring Data JPA repositories in DEFAULT mode.
28/05/2022 12:10:25 INFO  - Finished Spring Data repository scanning in 109 ms. Found 16 JPA repository interfaces.
28/05/2022 12:10:26 INFO  - Bean 'cacheConfig' of type [com.core.config.CacheConfig$$EnhancerBySpringCGLIB$$aa84d387] is not eligible for getting processed by all BeanPostProcessors (for example: not eligible for auto-proxying)
28/05/2022 12:10:26 INFO  - Tomcat initialized with port(s): 19010 (http)
28/05/2022 12:10:27 INFO  - Starting service [Tomcat]
28/05/2022 12:10:27 INFO  - Starting Servlet engine: [Apache Tomcat/9.0.53]
28/05/2022 12:10:27 INFO  - Initializing Spring embedded WebApplicationContext
28/05/2022 12:10:27 INFO  - Root WebApplicationContext: initialization completed in 4826 ms
28/05/2022 12:10:27 WARN  - spring.jpa.open-in-view is enabled by default. Therefore, database queries may be performed during view rendering. Explicitly configure spring.jpa.open-in-view to disable this warning
28/05/2022 12:10:27 INFO  - HikariPool-1 - Starting...
28/05/2022 12:10:28 INFO  - HikariPool-1 - Start completed.
28/05/2022 12:10:28 INFO  - HHH000204: Processing PersistenceUnitInfo [name: default]
28/05/2022 12:10:28 INFO  - HHH000412: Hibernate ORM core version 5.4.32.Final
28/05/2022 12:10:28 INFO  - HCANN000001: Hibernate Commons Annotations {5.1.2.Final}
28/05/2022 12:10:28 INFO  - HHH000400: Using dialect: org.hibernate.dialect.MySQL8Dialect
28/05/2022 12:10:29 INFO  - HHH000490: Using JtaPlatform implementation: [org.hibernate.engine.transaction.jta.platform.internal.NoJtaPlatform]
28/05/2022 12:10:29 INFO  - Initialized JPA EntityManagerFactory for persistence unit 'default'
28/05/2022 12:10:30 INFO  - readPublicKey: dev_public.key
28/05/2022 12:10:31 INFO  - Exposing 1 endpoint(s) beneath base path '/actuator'
28/05/2022 12:10:32 INFO  - Will secure Ant [pattern='/account-managers/test'] with []
28/05/2022 12:10:32 INFO  - Will secure Ant [pattern='/actuator/**'] with []
28/05/2022 12:10:32 INFO  - Will secure Ant [pattern='/csrf'] with []
28/05/2022 12:10:32 INFO  - Will secure Ant [pattern='/my/docs'] with []
28/05/2022 12:10:32 INFO  - Will secure Ant [pattern='/v2/api-docs/**'] with []
28/05/2022 12:10:32 INFO  - Will secure Ant [pattern='/swagger.json'] with []
28/05/2022 12:10:32 INFO  - Will secure Ant [pattern='/configuration/security'] with []
28/05/2022 12:10:32 INFO  - Will secure Ant [pattern='/configuration/ui'] with []
28/05/2022 12:10:32 INFO  - Will secure Ant [pattern='/swagger-resources/**'] with []
28/05/2022 12:10:32 INFO  - Will secure Ant [pattern='/configuration/**'] with []
28/05/2022 12:10:32 INFO  - Will secure Ant [pattern='/swagger-ui/**'] with []
28/05/2022 12:10:32 INFO  - Will secure Ant [pattern='/swagger-ui.html'] with []
28/05/2022 12:10:32 INFO  - Will secure Ant [pattern='/webjars/**'] with []
28/05/2022 12:10:32 INFO  - Will secure Ant [pattern='/account-managers/login'] with []
28/05/2022 12:10:32 INFO  - Will secure Ant [pattern='/account-managers/register'] with []
28/05/2022 12:10:32 INFO  - Will secure Ant [pattern='/account-managers/generateOtp/**'] with []
28/05/2022 12:10:32 INFO  - Will secure Ant [pattern='/account-managers/validateOtp'] with []
28/05/2022 12:10:32 INFO  - Will secure Ant [pattern='/account-managers/validateOtpAndChangePass'] with []
28/05/2022 12:10:32 INFO  - Will secure Ant [pattern='/files/downloadFile/**'] with []
28/05/2022 12:10:32 INFO  - Will secure any request with [org.springframework.security.web.context.request.async.WebAsyncManagerIntegrationFilter@3519f35, org.springframework.security.web.context.SecurityContextPersistenceFilter@6f06b73a, org.springframework.security.web.header.HeaderWriterFilter@4b6f7369, org.springframework.web.filter.CorsFilter@d2eb3a0, org.springframework.security.web.authentication.logout.LogoutFilter@fc71426, com.business.authencation.JwtAuthenticationFilter@4071aa13, org.springframework.security.web.savedrequest.RequestCacheAwareFilter@5aede1ef, org.springframework.security.web.servletapi.SecurityContextHolderAwareRequestFilter@65d07158, org.springframework.security.web.authentication.AnonymousAuthenticationFilter@2869fe47, org.springframework.security.web.session.SessionManagementFilter@717646f1, org.springframework.security.web.access.ExceptionTranslationFilter@7a6ccc46, org.springframework.security.web.access.intercept.FilterSecurityInterceptor@3dd4d6e6]
28/05/2022 12:10:32 INFO  - Tomcat started on port(s): 19010 (http) with context path '/business'
28/05/2022 12:10:33 INFO  - Started BusinessApplication in 11.633 seconds (JVM running for 14.057)
28/05/2022 12:10:33 INFO  - Account management already exsit.
28/05/2022 12:10:36 INFO  - Initializing Spring DispatcherServlet 'dispatcherServlet'
28/05/2022 12:28:54 WARN  - HikariPool-1 - Thread starvation or clock leap detected (housekeeper delta=56s64ms210µs800ns).
28/05/2022 13:53:10 WARN  - HikariPool-1 - Thread starvation or clock leap detected (housekeeper delta=1h13m59s168ms147µs900ns).
28/05/2022 13:53:22 WARN  - HikariPool-1 - Thread starvation or clock leap detected (housekeeper delta=1h13m58s130ms352µs300ns).
28/05/2022 14:17:59 INFO  - Closing JPA EntityManagerFactory for persistence unit 'default'
28/05/2022 14:17:59 INFO  - HikariPool-1 - Shutdown initiated...
28/05/2022 14:17:59 INFO  - HikariPool-1 - Shutdown completed.
28/05/2022 14:18:05 INFO  - Starting FileServiceApplication using Java 1.8.0_281 on DESKTOP-HENEIFB with PID 5164 (D:\laptrinhmang_cuoiky\backend\file-service\target\classes started by User in D:\laptrinhmang_cuoiky\backend)
28/05/2022 14:18:05 INFO  - The following profiles are active: dev
28/05/2022 14:18:08 INFO  - Bootstrapping Spring Data JPA repositories in DEFAULT mode.
28/05/2022 14:18:08 INFO  - Finished Spring Data repository scanning in 203 ms. Found 16 JPA repository interfaces.
28/05/2022 14:18:09 INFO  - Bean 'cacheConfig' of type [com.core.config.CacheConfig$$EnhancerBySpringCGLIB$$c12aab47] is not eligible for getting processed by all BeanPostProcessors (for example: not eligible for auto-proxying)
28/05/2022 14:18:12 INFO  - Tomcat initialized with port(s): 19964 (http)
28/05/2022 14:18:12 INFO  - Starting service [Tomcat]
28/05/2022 14:18:12 INFO  - Starting Servlet engine: [Apache Tomcat/9.0.53]
28/05/2022 14:18:13 INFO  - Initializing Spring embedded WebApplicationContext
28/05/2022 14:18:13 INFO  - Root WebApplicationContext: initialization completed in 7969 ms
28/05/2022 14:18:13 INFO  - HHH000204: Processing PersistenceUnitInfo [name: default]
28/05/2022 14:18:13 INFO  - HHH000412: Hibernate ORM core version 5.4.32.Final
28/05/2022 14:18:13 INFO  - HCANN000001: Hibernate Commons Annotations {5.1.2.Final}
28/05/2022 14:18:14 INFO  - HikariPool-1 - Starting...
28/05/2022 14:18:14 INFO  - HikariPool-1 - Start completed.
28/05/2022 14:18:14 INFO  - HHH000400: Using dialect: org.hibernate.dialect.MySQL8Dialect
28/05/2022 14:18:15 INFO  - HHH000490: Using JtaPlatform implementation: [org.hibernate.engine.transaction.jta.platform.internal.NoJtaPlatform]
28/05/2022 14:18:15 INFO  - Initialized JPA EntityManagerFactory for persistence unit 'default'
28/05/2022 14:18:16 WARN  - spring.jpa.open-in-view is enabled by default. Therefore, database queries may be performed during view rendering. Explicitly configure spring.jpa.open-in-view to disable this warning
28/05/2022 14:18:17 INFO  - Exposing 1 endpoint(s) beneath base path '/actuator'
28/05/2022 14:18:18 INFO  - Tomcat started on port(s): 19964 (http) with context path '/file-service'
28/05/2022 14:18:18 INFO  - Started FileServiceApplication in 14.013 seconds (JVM running for 15.358)
28/05/2022 14:18:19 INFO  - Initializing Spring DispatcherServlet 'dispatcherServlet'
28/05/2022 15:55:16 WARN  - HikariPool-1 - Thread starvation or clock leap detected (housekeeper delta=47s424ms448µs).
28/05/2022 15:55:33 WARN  - HikariPool-1 - Thread starvation or clock leap detected (housekeeper delta=47s424ms497µs400ns).
28/05/2022 15:55:57 ERROR - error - GET 0:0:0:0:0:0:0:1:19010/business/account-managers/generateOtp/admin - Email không tồn tại
28/05/2022 15:57:49 INFO  - nguyenkhacsang100@gmail.com|login
28/05/2022 15:58:59 ERROR - error - POST 0:0:0:0:0:0:0:1:19010/business/account-managers/register - Xin lỗi, hoanhtranh2 đã tồn tại
28/05/2022 15:59:03 INFO  - hoanhtranh2|login
28/05/2022 15:59:03 ERROR - hoanhtranh2|Bad credentials
28/05/2022 15:59:03 ERROR - error - POST 0:0:0:0:0:0:0:1:19010/business/account-managers/login - Tên tài khoản hoặc mật khẩu không chính xác
28/05/2022 15:59:08 INFO  - hoanhtranh2|login
28/05/2022 15:59:08 ERROR - hoanhtranh2|Bad credentials
28/05/2022 15:59:08 ERROR - error - POST 0:0:0:0:0:0:0:1:19010/business/account-managers/login - Tên tài khoản hoặc mật khẩu không chính xác
28/05/2022 15:59:43 ERROR - null
java.lang.NullPointerException: null
	at com.business.utilts.ApplicationUtils.isLogin(ApplicationUtils.java:54)
	at com.business.services.impl.AcountManagementServiceImpl.getUserByUser(AcountManagementServiceImpl.java:419)
	at com.business.services.impl.AcountManagementServiceImpl.createNewAccount(AcountManagementServiceImpl.java:220)
	at com.business.services.impl.AcountManagementServiceImpl$$FastClassBySpringCGLIB$$13ba1f05.invoke(<generated>)
	at org.springframework.cglib.proxy.MethodProxy.invoke(MethodProxy.java:218)
	at org.springframework.aop.framework.CglibAopProxy$CglibMethodInvocation.invokeJoinpoint(CglibAopProxy.java:779)
	at org.springframework.aop.framework.ReflectiveMethodInvocation.proceed(ReflectiveMethodInvocation.java:163)
	at org.springframework.aop.framework.CglibAopProxy$CglibMethodInvocation.proceed(CglibAopProxy.java:750)
	at org.springframework.transaction.interceptor.TransactionInterceptor$1.proceedWithInvocation(TransactionInterceptor.java:123)
	at org.springframework.transaction.interceptor.TransactionAspectSupport.invokeWithinTransaction(TransactionAspectSupport.java:388)
	at org.springframework.transaction.interceptor.TransactionInterceptor.invoke(TransactionInterceptor.java:119)
	at org.springframework.aop.framework.ReflectiveMethodInvocation.proceed(ReflectiveMethodInvocation.java:186)
	at org.springframework.aop.framework.CglibAopProxy$CglibMethodInvocation.proceed(CglibAopProxy.java:750)
	at org.springframework.aop.framework.CglibAopProxy$DynamicAdvisedInterceptor.intercept(CglibAopProxy.java:692)
	at com.business.services.impl.AcountManagementServiceImpl$$EnhancerBySpringCGLIB$$563b2ed0.createNewAccount(<generated>)
	at com.business.Controller.AcountManagementAPI.create(AcountManagementAPI.java:182)
	at com.business.Controller.AcountManagementAPI$$FastClassBySpringCGLIB$$3896358.invoke(<generated>)
	at org.springframework.cglib.proxy.MethodProxy.invoke(MethodProxy.java:218)
	at org.springframework.aop.framework.CglibAopProxy$CglibMethodInvocation.invokeJoinpoint(CglibAopProxy.java:779)
	at org.springframework.aop.framework.ReflectiveMethodInvocation.proceed(ReflectiveMethodInvocation.java:163)
	at org.springframework.aop.framework.CglibAopProxy$CglibMethodInvocation.proceed(CglibAopProxy.java:750)
	at org.springframework.validation.beanvalidation.MethodValidationInterceptor.invoke(MethodValidationInterceptor.java:123)
	at org.springframework.aop.framework.ReflectiveMethodInvocation.proceed(ReflectiveMethodInvocation.java:186)
	at org.springframework.aop.framework.CglibAopProxy$CglibMethodInvocation.proceed(CglibAopProxy.java:750)
	at org.springframework.aop.framework.CglibAopProxy$DynamicAdvisedInterceptor.intercept(CglibAopProxy.java:692)
	at com.business.Controller.AcountManagementAPI$$EnhancerBySpringCGLIB$$aac0c7a9.create(<generated>)
	at sun.reflect.NativeMethodAccessorImpl.invoke0(Native Method)
	at sun.reflect.NativeMethodAccessorImpl.invoke(NativeMethodAccessorImpl.java:62)
	at sun.reflect.DelegatingMethodAccessorImpl.invoke(DelegatingMethodAccessorImpl.java:43)
	at java.lang.reflect.Method.invoke(Method.java:498)
	at org.springframework.web.method.support.InvocableHandlerMethod.doInvoke(InvocableHandlerMethod.java:205)
	at org.springframework.web.method.support.InvocableHandlerMethod.invokeForRequest(InvocableHandlerMethod.java:150)
	at org.springframework.web.servlet.mvc.method.annotation.ServletInvocableHandlerMethod.invokeAndHandle(ServletInvocableHandlerMethod.java:117)
	at org.springframework.web.servlet.mvc.method.annotation.RequestMappingHandlerAdapter.invokeHandlerMethod(RequestMappingHandlerAdapter.java:895)
	at org.springframework.web.servlet.mvc.method.annotation.RequestMappingHandlerAdapter.handleInternal(RequestMappingHandlerAdapter.java:808)
	at org.springframework.web.servlet.mvc.method.AbstractHandlerMethodAdapter.handle(AbstractHandlerMethodAdapter.java:87)
	at org.springframework.web.servlet.DispatcherServlet.doDispatch(DispatcherServlet.java:1067)
	at org.springframework.web.servlet.DispatcherServlet.doService(DispatcherServlet.java:963)
	at org.springframework.web.servlet.FrameworkServlet.processRequest(FrameworkServlet.java:1006)
	at org.springframework.web.servlet.FrameworkServlet.doPost(FrameworkServlet.java:909)
	at javax.servlet.http.HttpServlet.service(HttpServlet.java:681)
	at org.springframework.web.servlet.FrameworkServlet.service(FrameworkServlet.java:883)
	at javax.servlet.http.HttpServlet.service(HttpServlet.java:764)
	at org.apache.catalina.core.ApplicationFilterChain.internalDoFilter(ApplicationFilterChain.java:227)
	at org.apache.catalina.core.ApplicationFilterChain.doFilter(ApplicationFilterChain.java:162)
	at org.apache.tomcat.websocket.server.WsFilter.doFilter(WsFilter.java:53)
	at org.apache.catalina.core.ApplicationFilterChain.internalDoFilter(ApplicationFilterChain.java:189)
	at org.apache.catalina.core.ApplicationFilterChain.doFilter(ApplicationFilterChain.java:162)
	at com.business.authencation.JwtAuthenticationFilter.doFilterInternal(JwtAuthenticationFilter.java:140)
	at org.springframework.web.filter.OncePerRequestFilter.doFilter(OncePerRequestFilter.java:119)
	at org.apache.catalina.core.ApplicationFilterChain.internalDoFilter(ApplicationFilterChain.java:189)
	at org.apache.catalina.core.ApplicationFilterChain.doFilter(ApplicationFilterChain.java:162)
	at org.springframework.security.web.FilterChainProxy.doFilterInternal(FilterChainProxy.java:204)
	at org.springframework.security.web.FilterChainProxy.doFilter(FilterChainProxy.java:183)
	at org.springframework.web.filter.DelegatingFilterProxy.invokeDelegate(DelegatingFilterProxy.java:358)
	at org.springframework.web.filter.DelegatingFilterProxy.doFilter(DelegatingFilterProxy.java:271)
	at org.apache.catalina.core.ApplicationFilterChain.internalDoFilter(ApplicationFilterChain.java:189)
	at org.apache.catalina.core.ApplicationFilterChain.doFilter(ApplicationFilterChain.java:162)
	at org.springframework.web.filter.RequestContextFilter.doFilterInternal(RequestContextFilter.java:100)
	at org.springframework.web.filter.OncePerRequestFilter.doFilter(OncePerRequestFilter.java:119)
	at org.apache.catalina.core.ApplicationFilterChain.internalDoFilter(ApplicationFilterChain.java:189)
	at org.apache.catalina.core.ApplicationFilterChain.doFilter(ApplicationFilterChain.java:162)
	at org.springframework.web.filter.FormContentFilter.doFilterInternal(FormContentFilter.java:93)
	at org.springframework.web.filter.OncePerRequestFilter.doFilter(OncePerRequestFilter.java:119)
	at org.apache.catalina.core.ApplicationFilterChain.internalDoFilter(ApplicationFilterChain.java:189)
	at org.apache.catalina.core.ApplicationFilterChain.doFilter(ApplicationFilterChain.java:162)
	at org.springframework.boot.actuate.metrics.web.servlet.WebMvcMetricsFilter.doFilterInternal(WebMvcMetricsFilter.java:96)
	at org.springframework.web.filter.OncePerRequestFilter.doFilter(OncePerRequestFilter.java:119)
	at org.apache.catalina.core.ApplicationFilterChain.internalDoFilter(ApplicationFilterChain.java:189)
	at org.apache.catalina.core.ApplicationFilterChain.doFilter(ApplicationFilterChain.java:162)
	at org.springframework.web.filter.CharacterEncodingFilter.doFilterInternal(CharacterEncodingFilter.java:201)
	at org.springframework.web.filter.OncePerRequestFilter.doFilter(OncePerRequestFilter.java:119)
	at org.apache.catalina.core.ApplicationFilterChain.internalDoFilter(ApplicationFilterChain.java:189)
	at org.apache.catalina.core.ApplicationFilterChain.doFilter(ApplicationFilterChain.java:162)
	at org.apache.catalina.core.StandardWrapperValve.invoke(StandardWrapperValve.java:197)
	at org.apache.catalina.core.StandardContextValve.invoke(StandardContextValve.java:97)
	at org.apache.catalina.authenticator.AuthenticatorBase.invoke(AuthenticatorBase.java:540)
	at org.apache.catalina.core.StandardHostValve.invoke(StandardHostValve.java:135)
	at org.apache.catalina.valves.ErrorReportValve.invoke(ErrorReportValve.java:92)
	at org.apache.catalina.core.StandardEngineValve.invoke(StandardEngineValve.java:78)
	at org.apache.catalina.connector.CoyoteAdapter.service(CoyoteAdapter.java:357)
	at org.apache.coyote.http11.Http11Processor.service(Http11Processor.java:382)
	at org.apache.coyote.AbstractProcessorLight.process(AbstractProcessorLight.java:65)
	at org.apache.coyote.AbstractProtocol$ConnectionHandler.process(AbstractProtocol.java:893)
	at org.apache.tomcat.util.net.NioEndpoint$SocketProcessor.doRun(NioEndpoint.java:1726)
	at org.apache.tomcat.util.net.SocketProcessorBase.run(SocketProcessorBase.java:49)
	at org.apache.tomcat.util.threads.ThreadPoolExecutor.runWorker(ThreadPoolExecutor.java:1191)
	at org.apache.tomcat.util.threads.ThreadPoolExecutor$Worker.run(ThreadPoolExecutor.java:659)
	at org.apache.tomcat.util.threads.TaskThread$WrappingRunnable.run(TaskThread.java:61)
	at java.lang.Thread.run(Thread.java:748)
28/05/2022 15:59:46 INFO  - hoanhtranh3|login
28/05/2022 16:10:59 INFO  - Closing JPA EntityManagerFactory for persistence unit 'default'
28/05/2022 16:10:59 INFO  - HikariPool-1 - Shutdown initiated...
28/05/2022 16:10:59 INFO  - HikariPool-1 - Shutdown completed.
28/05/2022 16:11:02 INFO  - Closing JPA EntityManagerFactory for persistence unit 'default'
28/05/2022 16:11:02 INFO  - HikariPool-1 - Shutdown initiated...
28/05/2022 16:11:02 INFO  - HikariPool-1 - Shutdown completed.
